<?xml version="1.0" encoding="UTF-8"?>
<!-- Generated by org.testng.reporters.JUnitReportReporter -->
<testsuite hostname="DESKTOP-J4JC96B" failures="0" tests="1" name="Com.automationtest.validateNavigationbar" time="0.034" errors="0" timestamp="31 May 2019 17:04:08 GMT">
  <testcase classname="Com.automationtest.validateNavigationbar" name="basepageNavigation" time="0.034"/>
</testsuite> <!-- Com.automationtest.validateNavigationbar -->
