<?xml version="1.0" encoding="UTF-8"?>
<!-- Generated by org.testng.reporters.JUnitReportReporter -->
<testsuite hostname="DESKTOP-J4JC96B" failures="0" tests="2" name="Com.automationtest.Homepage" time="15.227" errors="0" timestamp="31 May 2019 17:04:08 GMT">
  <testcase classname="Com.automationtest.Homepage" name="basepageNavigation" time="10.843"/>
  <testcase classname="Com.automationtest.Homepage" name="basepageNavigation" time="4.384"/>
</testsuite> <!-- Com.automationtest.Homepage -->
